Array task 4  dataset: Eso-AdenoCA
Node: dcc-core-ferc-u-ab25-3-1  CPUs: 96  Started: Mon Apr 27 10:31:59 AM EDT 2026
 
--------------------------------------------------
 
         De Novo Extraction with MUSE-XAE
 
--------------------------------------------------

Running 100 iterations with 3 mutational signatures ...

Running 100 iterations with 4 mutational signatures ...

Running 100 iterations with 5 mutational signatures ...

Running 100 iterations with 6 mutational signatures ...

Running 100 iterations with 7 mutational signatures ...

Running 100 iterations with 8 mutational signatures ...

Running 100 iterations with 9 mutational signatures ...

Running 100 iterations with 10 mutational signatures ...

Running 100 iterations with 11 mutational signatures ...

Running 100 iterations with 12 mutational signatures ...

Running 100 iterations with 13 mutational signatures ...

Running 100 iterations with 14 mutational signatures ...

Running 100 iterations with 15 mutational signatures ...

Running 100 iterations with 16 mutational signatures ...

Running 100 iterations with 17 mutational signatures ...

Running 100 iterations with 18 mutational signatures ...

Running 100 iterations with 19 mutational signatures ...

Running 100 iterations with 20 mutational signatures ...
 
Thank you for using MUSE-XAE! Check the results on the Experiments folder
 
Finished: Mon Apr 27 11:03:04 AM EDT 2026
