Starting MUSE-XAE on node dcc-adrc-ferc-u-q18-5-2 at Sat Apr 25 09:05:14 PM EDT 2026
Repo root: /cwork/sr110/MUSE-XAE
 
--------------------------------------------------
 
         De Novo Extraction with MUSE-XAE
 
--------------------------------------------------

Running 100 iterations with 25 mutational signatures ...

Running 100 iterations with 26 mutational signatures ...

Running 100 iterations with 27 mutational signatures ...

Running 100 iterations with 28 mutational signatures ...

Running 100 iterations with 29 mutational signatures ...

Running 100 iterations with 30 mutational signatures ...

Running 100 iterations with 31 mutational signatures ...

Running 100 iterations with 32 mutational signatures ...

Running 100 iterations with 33 mutational signatures ...

Running 100 iterations with 34 mutational signatures ...

Running 100 iterations with 35 mutational signatures ...

Running 100 iterations with 36 mutational signatures ...

Running 100 iterations with 37 mutational signatures ...

Running 100 iterations with 38 mutational signatures ...

Running 100 iterations with 39 mutational signatures ...

Running 100 iterations with 40 mutational signatures ...

Running 100 iterations with 41 mutational signatures ...

Running 100 iterations with 42 mutational signatures ...

Running 100 iterations with 43 mutational signatures ...

Running 100 iterations with 44 mutational signatures ...

Running 100 iterations with 45 mutational signatures ...

Running 100 iterations with 46 mutational signatures ...

Running 100 iterations with 47 mutational signatures ...

Running 100 iterations with 48 mutational signatures ...

Running 100 iterations with 49 mutational signatures ...

Running 100 iterations with 50 mutational signatures ...

Running 100 iterations with 51 mutational signatures ...

Running 100 iterations with 52 mutational signatures ...

Running 100 iterations with 53 mutational signatures ...

Running 100 iterations with 54 mutational signatures ...

Running 100 iterations with 55 mutational signatures ...
 
Thank you for using MUSE-XAE! Check the results on the Experiments folder
 
Finished at Sun Apr 26 07:08:38 PM EDT 2026
